2018-01-28 01:32:42 - INFO - Session started - 2018-01-28 01:32:42
2018-01-28 01:33:11 - INFO - Session ended - 2018-01-28 01:33:11
2018-01-28 01:33:11 - INFO - --------------------


2018-01-28 01:35:11 - INFO - Session started - 2018-01-28 01:35:11
2018-01-28 01:35:41 - INFO - Session ended - 2018-01-28 01:35:41
2018-01-28 01:35:41 - INFO - --------------------


2018-01-28 01:37:31 - INFO - Session started - 2018-01-28 01:37:31
2018-01-28 01:38:00 - INFO - Session ended - 2018-01-28 01:38:00
2018-01-28 01:38:00 - INFO - --------------------


2018-01-28 01:42:01 - INFO - Session started - 2018-01-28 01:42:01
2018-01-28 01:42:31 - INFO - Session ended - 2018-01-28 01:42:31
2018-01-28 01:42:31 - INFO - --------------------


2018-01-28 01:47:54 - INFO - Session started - 2018-01-28 01:47:54
2018-01-28 01:49:45 - INFO - Logged in successfully!
2018-01-28 01:49:47 - INFO - Tag [1/1]
2018-01-28 01:49:47 - INFO - --> b'natgeo'
2018-01-28 01:50:25 - INFO - [1/1]
2018-01-28 01:50:25 - INFO - https://www.instagram.com/p/Beea0vlnPJi/?tagged=natgeo
2018-01-28 01:50:29 - INFO - Image from: b'take_the_shot_jam'
2018-01-28 01:50:33 - INFO - Number of Followers: 1053
2018-01-28 01:50:33 - INFO - Link: b'https://www.instagram.com/p/Beea0vlnPJi/?tagged=natgeo'
2018-01-28 01:50:33 - INFO - Description: b'Mom and children stopped to allow me this photograph just after the snow storm \xe2\x98\xba@cangeo #canadiangeographic #mycanada #becausecanada #explorecanada #amateurs_shot #naturecanada #eye_for_earth #explore_wildlife #imagesofcanada #ew_winterwildlife #nature_perfection #ctvnews #shareyourweather #ultimate_wildlife #photooftheday #insidecanada #picoftheday #nationalgeographic #instagram #natgeo #natgeoit #londonontario  #naturephotography #romwpyon #wildlifephotography #sharecangeo #Canadaday #mynews #cbcnews'
2018-01-28 01:50:59 - INFO - --> Image Liked!
2018-01-28 01:51:01 - INFO - --> Not commented
2018-01-28 01:51:02 - INFO - --> Not following
2018-01-28 01:51:04 - INFO - Liked: 1
2018-01-28 01:51:04 - INFO - Already Liked: 0
2018-01-28 01:51:04 - INFO - Inappropriate: 0
2018-01-28 01:51:04 - INFO - Commented: 0
2018-01-28 01:51:04 - INFO - Followed: 0
2018-01-28 01:51:04 - INFO - Session ended - 2018-01-28 01:51:04
2018-01-28 01:51:04 - INFO - --------------------


2018-01-28 02:05:18 - INFO - Session started - 2018-01-28 02:05:18
2018-01-28 02:05:22 - INFO - Logged in successfully!
2018-01-28 02:06:16 - INFO - --> Ongoing follow 1, now following: b'allie_dant'
2018-01-28 02:06:30 - INFO - --> Ongoing follow 2, now following: b'iamandreaceginova_1511'
2018-01-28 02:06:46 - INFO - --> Ongoing follow 3, now following: b'aeirons'
2018-01-28 02:07:05 - INFO - --> Ongoing follow 4, now following: b'mollyandthatwhiskey'
2018-01-28 02:07:21 - INFO - --> Ongoing follow 5, now following: b'robbietod'
2018-01-28 02:07:33 - INFO - --> Ongoing follow 6, now following: b'simstopher'
2018-01-28 02:07:46 - INFO - --> Ongoing follow 7, now following: b'megzim'
2018-01-28 02:08:02 - INFO - --> Ongoing follow 8, now following: b'classy_broad69'
2018-01-28 02:08:17 - INFO - --> Ongoing follow 9, now following: b'masterthomasmagleby'
2018-01-28 02:08:33 - INFO - --> Ongoing follow 10, now following: b'trevor_123_9'
2018-01-28 02:08:50 - INFO - sleeping for about 1.0 minutes
2018-01-28 02:09:41 - INFO - --> Ongoing follow 11, now following: b'a_girl_has_no_face'
2018-01-28 02:09:58 - INFO - --> Ongoing follow 12, now following: b'daniel__smallwood'
2018-01-28 02:10:11 - INFO - --> Ongoing follow 13, now following: b'royrado'
2018-01-28 02:10:25 - INFO - --> Ongoing follow 14, now following: b'_min_e_yo'
2018-01-28 02:10:41 - INFO - --> Ongoing follow 15, now following: b'bsbp.22'
2018-01-28 02:10:57 - INFO - --> Ongoing follow 16, now following: b'_delaney.campbell_'
2018-01-28 02:11:06 - INFO - --> Ongoing follow 17, now following: b'grantcoskey'
2018-01-28 02:11:20 - INFO - --> Ongoing follow 18, now following: b'mallary1212'
2018-01-28 02:11:37 - INFO - --> Ongoing follow 19, now following: b'andrew_vermeer'
2018-01-28 02:11:54 - INFO - --> Ongoing follow 20, now following: b'jackctmac'
2018-01-28 02:12:06 - INFO - --> Total followNum reached: 20
2018-01-28 02:12:57 - INFO - --> Ongoing follow 1, now following: b'payytenn_n'
2018-01-28 02:13:15 - INFO - --> Ongoing follow 2, now following: b'aimeeuttingx'
2018-01-28 02:13:33 - INFO - --> Ongoing follow 3, now following: b'middleschoolerpotato'
2018-01-28 02:13:46 - INFO - --> Ongoing follow 4, now following: b'themaysonbryant'
2018-01-28 02:14:04 - INFO - --> Ongoing follow 5, now following: b'jenniferrose_art'
2018-01-28 02:14:19 - INFO - --> Ongoing follow 6, now following: b'yousef_alzoube'
2018-01-28 02:14:31 - INFO - --> Ongoing follow 7, now following: b'xxripoliviaxx'
2018-01-28 02:14:46 - INFO - --> Ongoing follow 8, now following: b'lucimdejesus'
2018-01-28 02:15:00 - INFO - --> Ongoing follow 9, now following: b'susan_tzyminne'
2018-01-28 02:15:16 - INFO - --> Ongoing follow 10, now following: b'otaku_2228'
2018-01-28 02:15:28 - INFO - sleeping for about 1.0 minutes
2018-01-28 02:15:46 - ERROR - follow loop error 
2018-01-28 02:15:46 - INFO - --> Total people followed : 30 
